<?xml version="1.0" encoding="UTF-8"?>
<!-- Generated by org.testng.reporters.JUnitReportReporter -->
<testsuite skipped="0" hostname="Infva06064" name="Day1.Auth" tests="1" failures="0" timestamp="24 Sep 2019 00:06:23 GMT" time="2.046" errors="0">
  <testcase name="f" time="2.046" classname="Day1.Auth"/>
</testsuite> <!-- Day1.Auth -->
