<?xml version="1.0" encoding="UTF-8"?>
<!-- Generated by org.testng.reporters.JUnitReportReporter -->
<testsuite skipped="1" hostname="Infva06064" name="Day1.StudentAppAPICalls" tests="4" failures="0" timestamp="23 Sep 2019 22:13:58 GMT" time="2.191" errors="0">
  <testcase name="putCall" time="0.437" classname="Day1.StudentAppAPICalls"/>
  <testcase name="deleteCall" time="1.203" classname="Day1.StudentAppAPICalls"/>
  <testcase name="getCall" time="0.551" classname="Day1.StudentAppAPICalls"/>
  <testcase name="postCall" classname="Day1.StudentAppAPICalls">
    <skipped/>
  </testcase> <!-- postCall -->
</testsuite> <!-- Day1.StudentAppAPICalls -->
