<?xml version="1.0" encoding="UTF-8"?>
<!-- Generated by org.testng.reporters.JUnitReportReporter -->
<testsuite skipped="0" hostname="Infva06064" name="Day1.FirstAPICall" tests="1" failures="0" timestamp="23 Sep 2019 21:36:19 GMT" time="7.097" errors="0">
  <testcase name="f" time="7.097" classname="Day1.FirstAPICall"/>
</testsuite> <!-- Day1.FirstAPICall -->
